25-11-05.19:53:28.625 [main            ] INFO  RaffleStrategyTest     - Starting RaffleStrategyTest using Java 1.8.0_462 on DESKTOP-J30R5PM with PID 22880 (started by XduAI in C:\Users\XduAI\Desktop\mystudy\xfg-infra\big-market\big-market-app)
25-11-05.19:53:28.627 [main            ] INFO  RaffleStrategyTest     - The following 1 profile is active: "dev"
25-11-05.19:53:31.946 [main            ] INFO  RepositoryConfigurationDelegate - Multiple Spring Data modules found, entering strict repository configuration mode
25-11-05.19:53:31.956 [main            ] INFO  RepositoryConfigurationDelegate - Bootstrapping Spring Data Redis repositories in DEFAULT mode.
25-11-05.19:53:32.038 [main            ] INFO  RepositoryConfigurationDelegate - Finished Spring Data repository scanning in 39 ms. Found 0 Redis repository interfaces.
25-11-05.19:53:39.149 [main            ] INFO  Version                - Redisson 3.23.4
25-11-05.19:53:40.925 [redisson-netty-2-4] INFO  MasterPubSubConnectionPool - 1 connections initialized for 127.0.0.1/127.0.0.1:6379
25-11-05.19:53:40.971 [redisson-netty-2-13] INFO  MasterConnectionPool   - 5 connections initialized for 127.0.0.1/127.0.0.1:6379
25-11-05.19:53:45.467 [main            ] INFO  EndpointLinksResolver  - Exposing 1 endpoint(s) beneath base path '/actuator'
25-11-05.19:53:45.633 [main            ] INFO  RaffleStrategyTest     - Started RaffleStrategyTest in 20.37 seconds (JVM running for 26.445)
25-11-05.19:53:47.617 [main            ] INFO  HikariDataSource       - HikariPool-1 - Starting...
25-11-05.19:53:50.752 [main            ] INFO  HikariDataSource       - HikariPool-1 - Start completed.
25-11-05.19:53:51.178 [main            ] INFO  RaffleStrategyTest     - 策略装配结果：true
25-11-05.19:53:51.188 [main            ] INFO  RaffleStrategyTest     - 策略装配结果：true
25-11-05.19:53:51.199 [main            ] INFO  RaffleStrategyTest     - 策略装配结果：true
25-11-05.19:53:51.209 [main            ] INFO  RaffleStrategyTest     - 策略装配结果：true
25-11-05.19:54:35.321 [main            ] INFO  DefaultLogicChain      - 抽奖责任链-默认处理 userId: xiaofuge strategyId: 100006 ruleModel: default awardId: 102
25-11-05.19:54:35.327 [main            ] INFO  AbstractRaffleStrategy - 抽奖策略计算-责任链 xiaofuge 100006 default 102
25-11-05.19:54:35.379 [main            ] INFO  DecisionTreeEngine     - 决策树引擎[规则树] treeId: tree_lock node: rule_lock code: 0000
25-11-05.19:54:35.381 [main            ] INFO  DecisionTreeEngine     - 决策树引擎[规则树] treeId: tree_lock node: rule_stock code: 0001
25-11-05.19:54:35.397 [main            ] INFO  DecisionTreeEngine     - 决策树引擎[规则树] treeId: tree_lock node: rule_luck_award code: 0001
25-11-05.19:54:35.397 [main            ] INFO  AbstractRaffleStrategy - 抽奖策略计算-规则树 xiaofuge 100006 1, 100 101
25-11-05.19:54:35.608 [SpringApplicationShutdownHook] INFO  HikariDataSource       - HikariPool-1 - Shutdown initiated...
25-11-05.19:54:35.658 [SpringApplicationShutdownHook] INFO  HikariDataSource       - HikariPool-1 - Shutdown completed.
25-11-05.19:54:46.931 [main            ] INFO  RaffleStrategyTest     - Starting RaffleStrategyTest using Java 1.8.0_462 on DESKTOP-J30R5PM with PID 49728 (started by XduAI in C:\Users\XduAI\Desktop\mystudy\xfg-infra\big-market\big-market-app)
25-11-05.19:54:46.932 [main            ] INFO  RaffleStrategyTest     - The following 1 profile is active: "dev"
25-11-05.19:54:48.520 [main            ] INFO  RepositoryConfigurationDelegate - Multiple Spring Data modules found, entering strict repository configuration mode
25-11-05.19:54:48.536 [main            ] INFO  RepositoryConfigurationDelegate - Bootstrapping Spring Data Redis repositories in DEFAULT mode.
25-11-05.19:54:48.618 [main            ] INFO  RepositoryConfigurationDelegate - Finished Spring Data repository scanning in 43 ms. Found 0 Redis repository interfaces.
25-11-05.19:54:51.613 [main            ] INFO  Version                - Redisson 3.23.4
25-11-05.19:54:52.950 [redisson-netty-2-4] INFO  MasterPubSubConnectionPool - 1 connections initialized for 127.0.0.1/127.0.0.1:6379
25-11-05.19:54:52.991 [redisson-netty-2-13] INFO  MasterConnectionPool   - 5 connections initialized for 127.0.0.1/127.0.0.1:6379
25-11-05.20:10:01.684 [main            ] INFO  EndpointLinksResolver  - Exposing 1 endpoint(s) beneath base path '/actuator'
25-11-05.20:10:01.781 [main            ] INFO  RaffleStrategyTest     - Started RaffleStrategyTest in 915.808 seconds (JVM running for 917.473)
25-11-05.20:10:53.881 [main            ] INFO  RaffleStrategyTest     - Starting RaffleStrategyTest using Java 1.8.0_462 on DESKTOP-J30R5PM with PID 54212 (started by XduAI in C:\Users\XduAI\Desktop\mystudy\xfg-infra\big-market\big-market-app)
25-11-05.20:10:53.883 [main            ] INFO  RaffleStrategyTest     - The following 1 profile is active: "dev"
25-11-05.20:10:55.382 [main            ] INFO  RepositoryConfigurationDelegate - Multiple Spring Data modules found, entering strict repository configuration mode
25-11-05.20:10:55.391 [main            ] INFO  RepositoryConfigurationDelegate - Bootstrapping Spring Data Redis repositories in DEFAULT mode.
25-11-05.20:10:55.479 [main            ] INFO  RepositoryConfigurationDelegate - Finished Spring Data repository scanning in 52 ms. Found 0 Redis repository interfaces.
25-11-05.20:10:58.351 [main            ] INFO  Version                - Redisson 3.23.4
25-11-05.20:10:59.756 [redisson-netty-2-5] INFO  MasterPubSubConnectionPool - 1 connections initialized for 127.0.0.1/127.0.0.1:6379
25-11-05.20:10:59.786 [redisson-netty-2-13] INFO  MasterConnectionPool   - 5 connections initialized for 127.0.0.1/127.0.0.1:6379
25-11-05.20:16:59.745 [main            ] INFO  EndpointLinksResolver  - Exposing 1 endpoint(s) beneath base path '/actuator'
25-11-05.20:16:59.834 [main            ] INFO  RaffleStrategyTest     - Started RaffleStrategyTest in 366.773 seconds (JVM running for 368.692)
25-11-05.20:17:01.184 [main            ] INFO  HikariDataSource       - HikariPool-1 - Starting...
25-11-05.20:17:02.138 [main            ] INFO  HikariDataSource       - HikariPool-1 - Start completed.
25-11-05.20:17:02.701 [main            ] INFO  RaffleStrategyTest     - 策略装配结果：true
25-11-05.20:17:02.712 [main            ] INFO  RaffleStrategyTest     - 策略装配结果：true
25-11-05.20:17:02.731 [main            ] INFO  RaffleStrategyTest     - 策略装配结果：true
25-11-05.20:17:02.792 [main            ] INFO  RaffleStrategyTest     - 策略装配结果：true
25-11-05.20:17:02.824 [main            ] INFO  RaffleStrategyTest     - 策略装配结果：true
25-11-05.20:17:02.837 [main            ] INFO  RaffleStrategyTest     - 策略装配结果：true
25-11-05.20:17:54.761 [HikariPool-1 housekeeper] WARN  HikariPool             - HikariPool-1 - Thread starvation or clock leap detected (housekeeper delta=52s511ms562µs400ns).
25-11-05.20:18:43.653 [HikariPool-1 housekeeper] WARN  HikariPool             - HikariPool-1 - Thread starvation or clock leap detected (housekeeper delta=48s892ms13µs500ns).
25-11-05.20:20:12.321 [HikariPool-1 housekeeper] WARN  HikariPool             - HikariPool-1 - Thread starvation or clock leap detected (housekeeper delta=1m28s670ms62µs300ns).
25-11-05.20:27:53.341 [main            ] INFO  DefaultLogicChain      - 抽奖责任链-默认处理 userId: xiaofuge strategyId: 100006 ruleModel: default awardId: 102
25-11-05.20:27:53.347 [main            ] INFO  AbstractRaffleStrategy - 抽奖策略计算-责任链 xiaofuge 100006 default 102
25-11-05.20:27:53.396 [main            ] INFO  DecisionTreeEngine     - 决策树引擎[规则树] treeId: tree_lock node: rule_lock code: 0000
25-11-05.20:27:53.398 [main            ] INFO  DecisionTreeEngine     - 决策树引擎[规则树] treeId: tree_lock node: rule_stock code: 0001
25-11-05.20:27:53.403 [main            ] INFO  DecisionTreeEngine     - 决策树引擎[规则树] treeId: tree_lock node: rule_luck_award code: 0001
25-11-05.20:27:53.403 [main            ] INFO  AbstractRaffleStrategy - 抽奖策略计算-规则树 xiaofuge 100006 1, 100 101
25-11-05.20:27:53.457 [SpringApplicationShutdownHook] INFO  HikariDataSource       - HikariPool-1 - Shutdown initiated...
25-11-05.20:27:53.534 [SpringApplicationShutdownHook] INFO  HikariDataSource       - HikariPool-1 - Shutdown completed.
25-11-05.20:30:44.801 [main            ] INFO  RaffleStrategyTest     - Starting RaffleStrategyTest using Java 1.8.0_462 on DESKTOP-J30R5PM with PID 46820 (started by XduAI in C:\Users\XduAI\Desktop\mystudy\xfg-infra\big-market\big-market-app)
25-11-05.20:30:44.804 [main            ] INFO  RaffleStrategyTest     - The following 1 profile is active: "dev"
25-11-05.20:30:46.261 [main            ] INFO  RepositoryConfigurationDelegate - Multiple Spring Data modules found, entering strict repository configuration mode
25-11-05.20:30:46.270 [main            ] INFO  RepositoryConfigurationDelegate - Bootstrapping Spring Data Redis repositories in DEFAULT mode.
25-11-05.20:30:46.327 [main            ] INFO  RepositoryConfigurationDelegate - Finished Spring Data repository scanning in 29 ms. Found 0 Redis repository interfaces.
25-11-05.20:30:49.093 [main            ] INFO  Version                - Redisson 3.23.4
25-11-05.20:30:50.425 [redisson-netty-2-4] INFO  MasterPubSubConnectionPool - 1 connections initialized for 127.0.0.1/127.0.0.1:6379
25-11-05.20:30:50.457 [redisson-netty-2-13] INFO  MasterConnectionPool   - 5 connections initialized for 127.0.0.1/127.0.0.1:6379
25-11-05.20:31:22.221 [main            ] INFO  EndpointLinksResolver  - Exposing 1 endpoint(s) beneath base path '/actuator'
25-11-05.20:31:22.314 [main            ] INFO  RaffleStrategyTest     - Started RaffleStrategyTest in 38.336 seconds (JVM running for 40.313)
25-11-05.20:31:23.809 [main            ] INFO  HikariDataSource       - HikariPool-1 - Starting...
25-11-05.20:31:24.880 [main            ] INFO  HikariDataSource       - HikariPool-1 - Start completed.
25-11-05.20:31:25.265 [main            ] INFO  RaffleStrategyTest     - 策略装配结果：true
25-11-05.20:31:25.275 [main            ] INFO  RaffleStrategyTest     - 策略装配结果：true
25-11-05.20:31:25.286 [main            ] INFO  RaffleStrategyTest     - 策略装配结果：true
25-11-05.20:31:25.297 [main            ] INFO  RaffleStrategyTest     - 策略装配结果：true
25-11-05.20:31:25.307 [main            ] INFO  RaffleStrategyTest     - 策略装配结果：true
25-11-05.20:31:25.317 [main            ] INFO  RaffleStrategyTest     - 策略装配结果：true
25-11-05.20:32:52.756 [HikariPool-1 housekeeper] WARN  HikariPool             - HikariPool-1 - Thread starvation or clock leap detected (housekeeper delta=49s674ms86µs100ns).
25-11-05.20:34:37.221 [HikariPool-1 housekeeper] WARN  HikariPool             - HikariPool-1 - Thread starvation or clock leap detected (housekeeper delta=1m44s466ms811µs900ns).
25-11-05.20:34:55.221 [main            ] INFO  DefaultLogicChain      - 抽奖责任链-默认处理 userId: xiaofuge strategyId: 100006 ruleModel: default awardId: 102
25-11-05.20:35:40.563 [HikariPool-1 housekeeper] WARN  HikariPool             - HikariPool-1 - Thread starvation or clock leap detected (housekeeper delta=1m3s342ms209µs700ns).
25-11-05.20:36:40.587 [main            ] INFO  AbstractRaffleStrategy - 抽奖策略计算-责任链 xiaofuge 100006 default 102
25-11-05.20:38:16.713 [HikariPool-1 housekeeper] WARN  HikariPool             - HikariPool-1 - Thread starvation or clock leap detected (housekeeper delta=1m54s670ms159µs).
25-11-05.20:43:50.861 [HikariPool-1 housekeeper] WARN  HikariPool             - HikariPool-1 - Thread starvation or clock leap detected (housekeeper delta=5m34s152ms109µs400ns).
25-11-05.20:45:16.624 [HikariPool-1 housekeeper] WARN  HikariPool             - HikariPool-1 - Thread starvation or clock leap detected (housekeeper delta=1m25s761ms609µs).
25-11-05.20:45:16.631 [main            ] INFO  DecisionTreeEngine     - 决策树引擎[规则树] treeId: tree_lock node: rule_lock code: 0000
25-11-05.20:45:16.632 [main            ] INFO  DecisionTreeEngine     - 决策树引擎[规则树] treeId: tree_lock node: rule_stock code: 0001
25-11-05.20:45:16.636 [main            ] INFO  DecisionTreeEngine     - 决策树引擎[规则树] treeId: tree_lock node: rule_luck_award code: 0001
25-11-05.20:45:16.636 [main            ] INFO  AbstractRaffleStrategy - 抽奖策略计算-规则树 xiaofuge 100006 1, 100 101
25-11-05.20:45:16.769 [SpringApplicationShutdownHook] INFO  HikariDataSource       - HikariPool-1 - Shutdown initiated...
25-11-05.20:45:16.793 [SpringApplicationShutdownHook] INFO  HikariDataSource       - HikariPool-1 - Shutdown completed.
25-11-05.20:45:26.106 [main            ] INFO  RaffleStrategyTest     - Starting RaffleStrategyTest using Java 1.8.0_462 on DESKTOP-J30R5PM with PID 1620 (started by XduAI in C:\Users\XduAI\Desktop\mystudy\xfg-infra\big-market\big-market-app)
25-11-05.20:45:26.138 [main            ] INFO  RaffleStrategyTest     - The following 1 profile is active: "dev"
25-11-05.20:45:27.554 [main            ] INFO  RepositoryConfigurationDelegate - Multiple Spring Data modules found, entering strict repository configuration mode
25-11-05.20:45:27.563 [main            ] INFO  RepositoryConfigurationDelegate - Bootstrapping Spring Data Redis repositories in DEFAULT mode.
25-11-05.20:45:27.626 [main            ] INFO  RepositoryConfigurationDelegate - Finished Spring Data repository scanning in 33 ms. Found 0 Redis repository interfaces.
25-11-05.20:45:30.555 [main            ] INFO  Version                - Redisson 3.23.4
25-11-05.20:45:31.978 [redisson-netty-2-4] INFO  MasterPubSubConnectionPool - 1 connections initialized for 127.0.0.1/127.0.0.1:6379
25-11-05.20:45:32.014 [redisson-netty-2-13] INFO  MasterConnectionPool   - 5 connections initialized for 127.0.0.1/127.0.0.1:6379
25-11-05.20:46:08.159 [main            ] INFO  EndpointLinksResolver  - Exposing 1 endpoint(s) beneath base path '/actuator'
25-11-05.20:46:08.283 [main            ] INFO  RaffleStrategyTest     - Started RaffleStrategyTest in 43.038 seconds (JVM running for 44.787)
25-11-05.20:46:09.899 [main            ] INFO  HikariDataSource       - HikariPool-1 - Starting...
25-11-05.20:46:11.018 [main            ] INFO  HikariDataSource       - HikariPool-1 - Start completed.
25-11-05.20:46:11.433 [main            ] INFO  RaffleStrategyTest     - 策略装配结果：true
25-11-05.20:46:11.444 [main            ] INFO  RaffleStrategyTest     - 策略装配结果：true
25-11-05.20:46:11.453 [main            ] INFO  RaffleStrategyTest     - 策略装配结果：true
25-11-05.20:46:11.461 [main            ] INFO  RaffleStrategyTest     - 策略装配结果：true
25-11-05.20:46:11.471 [main            ] INFO  RaffleStrategyTest     - 策略装配结果：true
25-11-05.20:46:11.480 [main            ] INFO  RaffleStrategyTest     - 策略装配结果：true
25-11-05.20:47:42.806 [main            ] INFO  DefaultLogicChain      - 抽奖责任链-默认处理 userId: xiaofuge strategyId: 100006 ruleModel: default awardId: 102
25-11-05.20:47:51.451 [main            ] INFO  AbstractRaffleStrategy - 抽奖策略计算-责任链 xiaofuge 100006 default 102
25-11-05.20:48:58.080 [HikariPool-1 housekeeper] WARN  HikariPool             - HikariPool-1 - Thread starvation or clock leap detected (housekeeper delta=56s105ms540µs600ns).
25-11-05.20:52:59.603 [HikariPool-1 housekeeper] WARN  HikariPool             - HikariPool-1 - Thread starvation or clock leap detected (housekeeper delta=4m1s526ms300µs800ns).
25-11-05.20:56:10.472 [HikariPool-1 housekeeper] WARN  HikariPool             - HikariPool-1 - Thread starvation or clock leap detected (housekeeper delta=3m10s871ms564µs100ns).
25-11-05.20:58:18.403 [HikariPool-1 housekeeper] WARN  HikariPool             - HikariPool-1 - Thread starvation or clock leap detected (housekeeper delta=2m7s932ms868µs100ns).
25-11-05.21:02:39.906 [HikariPool-1 housekeeper] WARN  HikariPool             - HikariPool-1 - Thread starvation or clock leap detected (housekeeper delta=3m49s955ms724µs).
25-11-05.21:04:00.528 [HikariPool-1 housekeeper] WARN  HikariPool             - HikariPool-1 - Thread starvation or clock leap detected (housekeeper delta=45s642ms692µs).
25-11-05.21:04:07.481 [main            ] INFO  DecisionTreeEngine     - 决策树引擎[规则树] treeId: tree_lock node: rule_lock code: 0000
25-11-05.21:04:09.551 [main            ] INFO  DecisionTreeEngine     - 决策树引擎[规则树] treeId: tree_lock node: rule_stock code: 0001
25-11-05.21:04:11.417 [main            ] INFO  DecisionTreeEngine     - 决策树引擎[规则树] treeId: tree_lock node: rule_luck_award code: 0001
25-11-05.21:04:21.154 [main            ] INFO  AbstractRaffleStrategy - 抽奖策略计算-规则树 xiaofuge 100006 1, 100 101
25-11-05.21:04:30.629 [main            ] INFO  RaffleStrategyTest     - 请求参数:{"strategyId":100006,"userId":"xiaofuge"}
