25-11-22.16:12:21.466 [main            ] INFO  RaffleActivityPartakeServiceTest - Starting RaffleActivityPartakeServiceTest using Java 1.8.0_462 on DESKTOP-J30R5PM with PID 65336 (started by XduAI in C:\Users\XduAI\Desktop\mystudy\xfg-infra\big-market\big-market-app)
25-11-22.16:12:21.468 [main            ] INFO  RaffleActivityPartakeServiceTest - The following 1 profile is active: "dev"
25-11-22.16:12:23.352 [main            ] INFO  RepositoryConfigurationDelegate - Multiple Spring Data modules found, entering strict repository configuration mode
25-11-22.16:12:23.370 [main            ] INFO  RepositoryConfigurationDelegate - Bootstrapping Spring Data Redis repositories in DEFAULT mode.
25-11-22.16:12:23.476 [main            ] INFO  RepositoryConfigurationDelegate - Finished Spring Data repository scanning in 64 ms. Found 0 Redis repository interfaces.
25-11-22.16:12:30.774 [main            ] INFO  Version                - Redisson 3.23.4
25-11-22.16:12:32.806 [redisson-netty-2-4] INFO  MasterPubSubConnectionPool - 1 connections initialized for 127.0.0.1/127.0.0.1:6379
25-11-22.16:12:32.849 [redisson-netty-2-13] INFO  MasterConnectionPool   - 5 connections initialized for 127.0.0.1/127.0.0.1:6379
25-11-22.16:12:40.205 [main            ] INFO  EndpointLinksResolver  - Exposing 1 endpoint(s) beneath base path '/actuator'
25-11-22.16:12:40.442 [main            ] INFO  CachingConnectionFactory - Attempting to connect to: [127.0.0.1:5672]
25-11-22.16:12:40.712 [main            ] INFO  CachingConnectionFactory - Created new connection: rabbitConnectionFactory#3356ff58:0/SimpleConnection@8315e4a [delegate=amqp://admin@127.0.0.1:5672/, localPort= 54337]
25-11-22.16:12:41.002 [main            ] INFO  RaffleActivityPartakeServiceTest - Started RaffleActivityPartakeServiceTest in 20.404 seconds (JVM running for 26.039)
25-11-22.16:15:17.263 [scheduling-1    ] INFO  UpdateAwardStockJob    - 定时任务，更新奖品消耗库存【延迟队列获取，降低对数据库的更新频次，不要产生竞争】
25-11-22.16:19:48.288 [scheduling-1    ] INFO  UpdateActivitySkuStock - 定时任务，更新活动sku库存【延迟队列获取，降低对数据库的更新频次，不要产生竞争】
25-11-22.16:19:49.732 [org.springframework.amqp.rabbit.RabbitListenerEndpointContainer#0-1] INFO  SimpleMessageListenerContainer - Restarting Consumer@4cacccbf: tags=[[amq.ctag-WKivGzwxpGzImWIjchO6zg]], channel=Cached Rabbit Channel: AMQChannel(amqp://admin@127.0.0.1:5672/,1), conn: Proxy@495e8a3 Shared Rabbit Connection: SimpleConnection@8315e4a [delegate=amqp://admin@127.0.0.1:5672/, localPort= 54337], acknowledgeMode=AUTO local queue size=0
25-11-22.16:50:01.568 [scheduling-1    ] INFO  UpdateActivitySkuStock - 定时任务，更新活动sku库存【延迟队列获取，降低对数据库的更新频次，不要产生竞争】
25-11-22.16:50:03.938 [scheduling-1    ] INFO  UpdateAwardStockJob    - 定时任务，更新奖品消耗库存【延迟队列获取，降低对数据库的更新频次，不要产生竞争】
25-11-22.16:50:03.967 [org.springframework.amqp.rabbit.RabbitListenerEndpointContainer#0-2] INFO  CachingConnectionFactory - Attempting to connect to: [127.0.0.1:5672]
25-11-22.16:50:04.004 [org.springframework.amqp.rabbit.RabbitListenerEndpointContainer#0-2] INFO  CachingConnectionFactory - Created new connection: rabbitConnectionFactory#3356ff58:1/SimpleConnection@25a3bbb2 [delegate=amqp://admin@127.0.0.1:5672/, localPort= 51576]
25-11-22.16:50:06.086 [scheduling-1    ] INFO  UpdateActivitySkuStock - 定时任务，更新活动sku库存【延迟队列获取，降低对数据库的更新频次，不要产生竞争】
25-11-22.16:50:06.091 [scheduling-1    ] INFO  UpdateAwardStockJob    - 定时任务，更新奖品消耗库存【延迟队列获取，降低对数据库的更新频次，不要产生竞争】
25-11-22.16:50:06.216 [main            ] INFO  HikariDataSource       - Retail_HikariCP - Starting...
25-11-22.16:50:07.455 [main            ] INFO  HikariDataSource       - Retail_HikariCP - Start completed.
25-11-22.16:50:17.806 [scheduling-1    ] INFO  UpdateActivitySkuStock - 定时任务，更新活动sku库存【延迟队列获取，降低对数据库的更新频次，不要产生竞争】
25-11-22.16:50:17.806 [main            ] INFO  AbstractRaffleActivityPartake - 创建参与活动订单[已存在未消费] userId: xiaofuge activityId:100301 userRaffleOrderEntity: UserRaffleOrderEntity(userId=xiaofuge, activityId=100301, activityName=测试活动, strategyId=100006, orderId=589925653231, orderTime=Fri Nov 21 21:52:04 CST 2025, orderState=create)
25-11-22.16:50:17.813 [scheduling-1    ] INFO  UpdateAwardStockJob    - 定时任务，更新奖品消耗库存【延迟队列获取，降低对数据库的更新频次，不要产生竞争】
25-11-22.16:50:18.172 [org.springframework.amqp.rabbit.RabbitListenerEndpointContainer#0-3] INFO  SimpleMessageListenerContainer - Waiting for workers to finish.
25-11-22.16:50:18.570 [main            ] INFO  RaffleActivityPartakeServiceTest - 请求参数：{"activityId":100301,"userId":"xiaofuge"}
25-11-22.16:50:18.607 [main            ] INFO  RaffleActivityPartakeServiceTest - 测试结果：{"activityId":100301,"activityName":"测试活动","orderId":"589925653231","orderState":"create","orderTime":1763733124000,"strategyId":100006,"userId":"xiaofuge"}
25-11-22.16:50:18.822 [org.springframework.amqp.rabbit.RabbitListenerEndpointContainer#0-3] INFO  SimpleMessageListenerContainer - Successfully waited for workers to finish.
25-11-22.16:50:18.831 [SpringApplicationShutdownHook] INFO  SimpleMessageListenerContainer - Shutdown ignored - container is already stopped
25-11-22.16:50:26.867 [main            ] INFO  RaffleActivityPartakeServiceTest - Starting RaffleActivityPartakeServiceTest using Java 1.8.0_462 on DESKTOP-J30R5PM with PID 23848 (started by XduAI in C:\Users\XduAI\Desktop\mystudy\xfg-infra\big-market\big-market-app)
25-11-22.16:50:26.868 [main            ] INFO  RaffleActivityPartakeServiceTest - The following 1 profile is active: "dev"
25-11-22.16:50:30.718 [main            ] INFO  RepositoryConfigurationDelegate - Multiple Spring Data modules found, entering strict repository configuration mode
25-11-22.16:50:30.727 [main            ] INFO  RepositoryConfigurationDelegate - Bootstrapping Spring Data Redis repositories in DEFAULT mode.
25-11-22.16:50:30.827 [main            ] INFO  RepositoryConfigurationDelegate - Finished Spring Data repository scanning in 58 ms. Found 0 Redis repository interfaces.
25-11-22.16:50:35.923 [main            ] INFO  Version                - Redisson 3.23.4
25-11-22.16:50:38.017 [redisson-netty-2-4] INFO  MasterPubSubConnectionPool - 1 connections initialized for 127.0.0.1/127.0.0.1:6379
25-11-22.16:50:38.037 [redisson-netty-2-13] INFO  MasterConnectionPool   - 5 connections initialized for 127.0.0.1/127.0.0.1:6379
25-11-22.16:50:45.472 [main            ] INFO  EndpointLinksResolver  - Exposing 1 endpoint(s) beneath base path '/actuator'
25-11-22.16:50:45.703 [main            ] INFO  CachingConnectionFactory - Attempting to connect to: [127.0.0.1:5672]
25-11-22.16:50:45.904 [main            ] INFO  CachingConnectionFactory - Created new connection: rabbitConnectionFactory#3356ff58:0/SimpleConnection@22ff11ef [delegate=amqp://admin@127.0.0.1:5672/, localPort= 49659]
25-11-22.16:50:46.164 [main            ] INFO  RaffleActivityPartakeServiceTest - Started RaffleActivityPartakeServiceTest in 20.207 seconds (JVM running for 22.849)
25-11-22.16:50:53.437 [scheduling-1    ] INFO  UpdateActivitySkuStock - 定时任务，更新活动sku库存【延迟队列获取，降低对数据库的更新频次，不要产生竞争】
25-11-22.16:51:02.065 [scheduling-1    ] INFO  UpdateAwardStockJob    - 定时任务，更新奖品消耗库存【延迟队列获取，降低对数据库的更新频次，不要产生竞争】
25-11-22.16:51:06.988 [scheduling-1    ] INFO  UpdateAwardStockJob    - 定时任务，更新奖品消耗库存【延迟队列获取，降低对数据库的更新频次，不要产生竞争】
25-11-22.16:51:06.993 [scheduling-1    ] INFO  UpdateActivitySkuStock - 定时任务，更新活动sku库存【延迟队列获取，降低对数据库的更新频次，不要产生竞争】
25-11-22.16:51:12.721 [scheduling-1    ] INFO  UpdateAwardStockJob    - 定时任务，更新奖品消耗库存【延迟队列获取，降低对数据库的更新频次，不要产生竞争】
25-11-22.16:51:26.634 [scheduling-1    ] INFO  UpdateActivitySkuStock - 定时任务，更新活动sku库存【延迟队列获取，降低对数据库的更新频次，不要产生竞争】
25-11-22.16:51:30.578 [scheduling-1    ] INFO  UpdateAwardStockJob    - 定时任务，更新奖品消耗库存【延迟队列获取，降低对数据库的更新频次，不要产生竞争】
25-11-22.16:51:35.443 [scheduling-1    ] INFO  UpdateActivitySkuStock - 定时任务，更新活动sku库存【延迟队列获取，降低对数据库的更新频次，不要产生竞争】
25-11-22.16:51:35.449 [scheduling-1    ] INFO  UpdateAwardStockJob    - 定时任务，更新奖品消耗库存【延迟队列获取，降低对数据库的更新频次，不要产生竞争】
25-11-22.16:51:35.654 [main            ] INFO  HikariDataSource       - Retail_HikariCP - Starting...
25-11-22.16:51:37.880 [main            ] INFO  HikariDataSource       - Retail_HikariCP - Start completed.
25-11-22.16:51:44.501 [scheduling-1    ] INFO  UpdateAwardStockJob    - 定时任务，更新奖品消耗库存【延迟队列获取，降低对数据库的更新频次，不要产生竞争】
25-11-22.16:51:44.506 [scheduling-1    ] INFO  UpdateActivitySkuStock - 定时任务，更新活动sku库存【延迟队列获取，降低对数据库的更新频次，不要产生竞争】
25-11-22.16:51:59.268 [scheduling-1    ] INFO  UpdateAwardStockJob    - 定时任务，更新奖品消耗库存【延迟队列获取，降低对数据库的更新频次，不要产生竞争】
25-11-22.16:52:00.625 [scheduling-1    ] INFO  UpdateActivitySkuStock - 定时任务，更新活动sku库存【延迟队列获取，降低对数据库的更新频次，不要产生竞争】
25-11-22.16:52:05.337 [scheduling-1    ] INFO  UpdateAwardStockJob    - 定时任务，更新奖品消耗库存【延迟队列获取，降低对数据库的更新频次，不要产生竞争】
25-11-22.16:52:05.762 [scheduling-1    ] INFO  UpdateActivitySkuStock - 定时任务，更新活动sku库存【延迟队列获取，降低对数据库的更新频次，不要产生竞争】
25-11-22.16:52:15.097 [scheduling-1    ] INFO  UpdateActivitySkuStock - 定时任务，更新活动sku库存【延迟队列获取，降低对数据库的更新频次，不要产生竞争】
25-11-22.16:52:18.298 [scheduling-1    ] INFO  UpdateAwardStockJob    - 定时任务，更新奖品消耗库存【延迟队列获取，降低对数据库的更新频次，不要产生竞争】
25-11-22.16:52:21.200 [scheduling-1    ] INFO  UpdateActivitySkuStock - 定时任务，更新活动sku库存【延迟队列获取，降低对数据库的更新频次，不要产生竞争】
25-11-22.16:52:22.689 [scheduling-1    ] INFO  UpdateAwardStockJob    - 定时任务，更新奖品消耗库存【延迟队列获取，降低对数据库的更新频次，不要产生竞争】
25-11-22.16:52:33.922 [scheduling-1    ] INFO  UpdateActivitySkuStock - 定时任务，更新活动sku库存【延迟队列获取，降低对数据库的更新频次，不要产生竞争】
25-11-22.16:53:45.613 [Retail_HikariCP housekeeper] WARN  HikariPool             - Retail_HikariCP - Thread starvation or clock leap detected (housekeeper delta=1m37s418ms550µs).
25-11-22.16:53:47.242 [scheduling-1    ] INFO  UpdateAwardStockJob    - 定时任务，更新奖品消耗库存【延迟队列获取，降低对数据库的更新频次，不要产生竞争】
25-11-22.16:53:47.243 [main            ] INFO  AbstractRaffleActivityPartake - 创建参与活动订单[已存在未消费] userId: xiaofuge activityId:100301 userRaffleOrderEntity: UserRaffleOrderEntity(userId=xiaofuge, activityId=100301, activityName=测试活动, strategyId=100006, orderId=589925653231, orderTime=Fri Nov 21 21:52:04 CST 2025, orderState=create)
25-11-22.16:53:54.186 [scheduling-1    ] INFO  UpdateActivitySkuStock - 定时任务，更新活动sku库存【延迟队列获取，降低对数据库的更新频次，不要产生竞争】
25-11-22.16:53:55.012 [scheduling-1    ] INFO  UpdateAwardStockJob    - 定时任务，更新奖品消耗库存【延迟队列获取，降低对数据库的更新频次，不要产生竞争】
25-11-22.16:53:55.020 [scheduling-1    ] INFO  UpdateActivitySkuStock - 定时任务，更新活动sku库存【延迟队列获取，降低对数据库的更新频次，不要产生竞争】
25-11-22.16:53:58.873 [main            ] INFO  RaffleActivityPartakeServiceTest - 请求参数：{"activityId":100301,"userId":"xiaofuge"}
25-11-22.16:54:16.316 [scheduling-1    ] INFO  UpdateAwardStockJob    - 定时任务，更新奖品消耗库存【延迟队列获取，降低对数据库的更新频次，不要产生竞争】
25-11-22.16:54:16.319 [scheduling-1    ] INFO  UpdateActivitySkuStock - 定时任务，更新活动sku库存【延迟队列获取，降低对数据库的更新频次，不要产生竞争】
25-11-22.16:54:16.397 [main            ] INFO  RaffleActivityPartakeServiceTest - 测试结果：{"activityId":100301,"activityName":"测试活动","orderId":"589925653231","orderState":"create","orderTime":1763733124000,"strategyId":100006,"userId":"xiaofuge"}
25-11-22.16:54:16.453 [org.springframework.amqp.rabbit.RabbitListenerEndpointContainer#0-2] INFO  SimpleMessageListenerContainer - Waiting for workers to finish.
25-11-22.16:54:17.344 [org.springframework.amqp.rabbit.RabbitListenerEndpointContainer#0-2] INFO  SimpleMessageListenerContainer - Successfully waited for workers to finish.
25-11-22.16:54:17.350 [SpringApplicationShutdownHook] INFO  SimpleMessageListenerContainer - Shutdown ignored - container is already stopped
25-11-22.16:54:53.167 [main            ] INFO  RaffleActivityPartakeServiceTest - Starting RaffleActivityPartakeServiceTest using Java 1.8.0_462 on DESKTOP-J30R5PM with PID 5836 (started by XduAI in C:\Users\XduAI\Desktop\mystudy\xfg-infra\big-market\big-market-app)
25-11-22.16:54:53.169 [main            ] INFO  RaffleActivityPartakeServiceTest - The following 1 profile is active: "dev"
25-11-22.16:54:56.382 [main            ] INFO  RepositoryConfigurationDelegate - Multiple Spring Data modules found, entering strict repository configuration mode
25-11-22.16:54:56.399 [main            ] INFO  RepositoryConfigurationDelegate - Bootstrapping Spring Data Redis repositories in DEFAULT mode.
25-11-22.16:54:56.496 [main            ] INFO  RepositoryConfigurationDelegate - Finished Spring Data repository scanning in 63 ms. Found 0 Redis repository interfaces.
25-11-22.16:55:01.106 [main            ] INFO  Version                - Redisson 3.23.4
25-11-22.16:55:02.832 [redisson-netty-2-5] INFO  MasterPubSubConnectionPool - 1 connections initialized for 127.0.0.1/127.0.0.1:6379
25-11-22.16:55:02.856 [redisson-netty-2-13] INFO  MasterConnectionPool   - 5 connections initialized for 127.0.0.1/127.0.0.1:6379
25-11-22.16:55:08.654 [main            ] INFO  EndpointLinksResolver  - Exposing 1 endpoint(s) beneath base path '/actuator'
25-11-22.16:55:08.964 [main            ] INFO  CachingConnectionFactory - Attempting to connect to: [127.0.0.1:5672]
25-11-22.16:55:09.131 [main            ] INFO  CachingConnectionFactory - Created new connection: rabbitConnectionFactory#5e0f2c82:0/SimpleConnection@74badf19 [delegate=amqp://admin@127.0.0.1:5672/, localPort= 56417]
25-11-22.16:55:09.376 [main            ] INFO  RaffleActivityPartakeServiceTest - Started RaffleActivityPartakeServiceTest in 17.154 seconds (JVM running for 19.09)
25-11-22.16:55:10.007 [scheduling-1    ] INFO  UpdateActivitySkuStock - 定时任务，更新活动sku库存【延迟队列获取，降低对数据库的更新频次，不要产生竞争】
25-11-22.16:55:10.184 [scheduling-1    ] INFO  UpdateAwardStockJob    - 定时任务，更新奖品消耗库存【延迟队列获取，降低对数据库的更新频次，不要产生竞争】
25-11-22.16:56:14.501 [scheduling-1    ] INFO  UpdateAwardStockJob    - 定时任务，更新奖品消耗库存【延迟队列获取，降低对数据库的更新频次，不要产生竞争】
25-11-22.16:56:18.515 [scheduling-1    ] INFO  UpdateActivitySkuStock - 定时任务，更新活动sku库存【延迟队列获取，降低对数据库的更新频次，不要产生竞争】
25-11-22.16:56:19.593 [main            ] INFO  HikariDataSource       - Retail_HikariCP - Starting...
25-11-22.16:56:20.013 [scheduling-1    ] INFO  UpdateActivitySkuStock - 定时任务，更新活动sku库存【延迟队列获取，降低对数据库的更新频次，不要产生竞争】
25-11-22.16:56:20.021 [scheduling-1    ] INFO  UpdateAwardStockJob    - 定时任务，更新奖品消耗库存【延迟队列获取，降低对数据库的更新频次，不要产生竞争】
25-11-22.16:56:21.800 [main            ] INFO  HikariDataSource       - Retail_HikariCP - Start completed.
25-11-22.16:56:33.286 [scheduling-1    ] INFO  UpdateActivitySkuStock - 定时任务，更新活动sku库存【延迟队列获取，降低对数据库的更新频次，不要产生竞争】
25-11-22.16:56:36.432 [scheduling-1    ] INFO  UpdateAwardStockJob    - 定时任务，更新奖品消耗库存【延迟队列获取，降低对数据库的更新频次，不要产生竞争】
25-11-22.16:56:36.437 [scheduling-1    ] INFO  UpdateActivitySkuStock - 定时任务，更新活动sku库存【延迟队列获取，降低对数据库的更新频次，不要产生竞争】
25-11-22.16:56:38.437 [main            ] INFO  HikariDataSource       - Retail_HikariCP - Starting...
25-11-22.16:56:38.470 [main            ] INFO  HikariDataSource       - Retail_HikariCP - Start completed.
25-11-22.16:56:41.260 [scheduling-1    ] INFO  UpdateAwardStockJob    - 定时任务，更新奖品消耗库存【延迟队列获取，降低对数据库的更新频次，不要产生竞争】
25-11-22.16:56:52.351 [scheduling-1    ] INFO  UpdateActivitySkuStock - 定时任务，更新活动sku库存【延迟队列获取，降低对数据库的更新频次，不要产生竞争】
25-11-22.16:57:02.495 [scheduling-1    ] INFO  UpdateAwardStockJob    - 定时任务，更新奖品消耗库存【延迟队列获取，降低对数据库的更新频次，不要产生竞争】
25-11-22.16:57:03.104 [scheduling-1    ] INFO  UpdateActivitySkuStock - 定时任务，更新活动sku库存【延迟队列获取，降低对数据库的更新频次，不要产生竞争】
25-11-22.16:57:05.145 [scheduling-1    ] INFO  UpdateAwardStockJob    - 定时任务，更新奖品消耗库存【延迟队列获取，降低对数据库的更新频次，不要产生竞争】
25-11-22.16:57:19.262 [scheduling-1    ] INFO  UpdateActivitySkuStock - 定时任务，更新活动sku库存【延迟队列获取，降低对数据库的更新频次，不要产生竞争】
25-11-22.16:57:20.160 [scheduling-1    ] INFO  UpdateAwardStockJob    - 定时任务，更新奖品消耗库存【延迟队列获取，降低对数据库的更新频次，不要产生竞争】
25-11-22.16:57:23.036 [scheduling-1    ] INFO  UpdateActivitySkuStock - 定时任务，更新活动sku库存【延迟队列获取，降低对数据库的更新频次，不要产生竞争】
25-11-22.16:57:25.603 [scheduling-1    ] INFO  UpdateAwardStockJob    - 定时任务，更新奖品消耗库存【延迟队列获取，降低对数据库的更新频次，不要产生竞争】
25-11-22.16:57:27.763 [scheduling-1    ] INFO  UpdateActivitySkuStock - 定时任务，更新活动sku库存【延迟队列获取，降低对数据库的更新频次，不要产生竞争】
25-11-22.16:58:23.559 [scheduling-1    ] INFO  UpdateAwardStockJob    - 定时任务，更新奖品消耗库存【延迟队列获取，降低对数据库的更新频次，不要产生竞争】
25-11-22.16:58:23.559 [Retail_HikariCP housekeeper] WARN  HikariPool             - Retail_HikariCP - Thread starvation or clock leap detected (housekeeper delta=1m1s64ms92µs700ns).
25-11-22.16:58:23.559 [Retail_HikariCP housekeeper] WARN  HikariPool             - Retail_HikariCP - Thread starvation or clock leap detected (housekeeper delta=1m4s302ms129µs200ns).
25-11-22.16:58:27.704 [scheduling-1    ] INFO  UpdateActivitySkuStock - 定时任务，更新活动sku库存【延迟队列获取，降低对数据库的更新频次，不要产生竞争】
25-11-22.16:58:35.091 [scheduling-1    ] INFO  UpdateAwardStockJob    - 定时任务，更新奖品消耗库存【延迟队列获取，降低对数据库的更新频次，不要产生竞争】
25-11-22.16:58:36.246 [scheduling-1    ] INFO  UpdateActivitySkuStock - 定时任务，更新活动sku库存【延迟队列获取，降低对数据库的更新频次，不要产生竞争】
25-11-22.16:58:40.147 [scheduling-1    ] INFO  UpdateActivitySkuStock - 定时任务，更新活动sku库存【延迟队列获取，降低对数据库的更新频次，不要产生竞争】
25-11-22.16:58:44.382 [scheduling-1    ] INFO  UpdateAwardStockJob    - 定时任务，更新奖品消耗库存【延迟队列获取，降低对数据库的更新频次，不要产生竞争】
25-11-22.16:58:45.645 [scheduling-1    ] INFO  UpdateAwardStockJob    - 定时任务，更新奖品消耗库存【延迟队列获取，降低对数据库的更新频次，不要产生竞争】
25-11-22.16:58:50.256 [scheduling-1    ] INFO  UpdateActivitySkuStock - 定时任务，更新活动sku库存【延迟队列获取，降低对数据库的更新频次，不要产生竞争】
25-11-22.16:58:59.891 [scheduling-1    ] INFO  UpdateAwardStockJob    - 定时任务，更新奖品消耗库存【延迟队列获取，降低对数据库的更新频次，不要产生竞争】
25-11-22.16:59:00.430 [scheduling-1    ] INFO  UpdateActivitySkuStock - 定时任务，更新活动sku库存【延迟队列获取，降低对数据库的更新频次，不要产生竞争】
25-11-22.17:02:48.649 [Retail_HikariCP housekeeper] WARN  HikariPool             - Retail_HikariCP - Thread starvation or clock leap detected (housekeeper delta=3m51s4ms474µs400ns).
25-11-22.17:02:48.649 [Retail_HikariCP housekeeper] WARN  HikariPool             - Retail_HikariCP - Thread starvation or clock leap detected (housekeeper delta=3m51s4ms531µs600ns).
25-11-22.17:02:48.658 [scheduling-1    ] INFO  UpdateAwardStockJob    - 定时任务，更新奖品消耗库存【延迟队列获取，降低对数据库的更新频次，不要产生竞争】
25-11-22.17:02:50.313 [scheduling-1    ] INFO  UpdateActivitySkuStock - 定时任务，更新活动sku库存【延迟队列获取，降低对数据库的更新频次，不要产生竞争】
25-11-22.17:02:50.319 [org.springframework.amqp.rabbit.RabbitListenerEndpointContainer#0-1] INFO  SimpleMessageListenerContainer - Restarting Consumer@2c0a3826: tags=[[amq.ctag-MKxOCCauMRPuhioNpG9PcA]], channel=Cached Rabbit Channel: AMQChannel(amqp://admin@127.0.0.1:5672/,1), conn: Proxy@7c5ac0 Shared Rabbit Connection: SimpleConnection@74badf19 [delegate=amqp://admin@127.0.0.1:5672/, localPort= 56417], acknowledgeMode=AUTO local queue size=0
25-11-22.17:02:50.320 [scheduling-1    ] INFO  UpdateAwardStockJob    - 定时任务，更新奖品消耗库存【延迟队列获取，降低对数据库的更新频次，不要产生竞争】
25-11-22.17:03:23.384 [scheduling-1    ] INFO  UpdateAwardStockJob    - 定时任务，更新奖品消耗库存【延迟队列获取，降低对数据库的更新频次，不要产生竞争】
25-11-22.17:03:23.388 [org.springframework.amqp.rabbit.RabbitListenerEndpointContainer#0-2] INFO  CachingConnectionFactory - Attempting to connect to: [127.0.0.1:5672]
25-11-22.17:03:55.238 [scheduling-1    ] INFO  UpdateActivitySkuStock - 定时任务，更新活动sku库存【延迟队列获取，降低对数据库的更新频次，不要产生竞争】
25-11-22.17:04:08.345 [scheduling-1    ] INFO  UpdateActivitySkuStock - 定时任务，更新活动sku库存【延迟队列获取，降低对数据库的更新频次，不要产生竞争】
25-11-22.17:04:08.347 [org.springframework.amqp.rabbit.RabbitListenerEndpointContainer#0-2] ERROR SimpleMessageListenerContainer - Failed to check/redeclare auto-delete queue(s).
org.springframework.amqp.AmqpTimeoutException: java.util.concurrent.TimeoutException
	at org.springframework.amqp.rabbit.support.RabbitExceptionTranslator.convertRabbitAccessException(RabbitExceptionTranslator.java:73)
	at org.springframework.amqp.rabbit.connection.AbstractConnectionFactory.createBareConnection(AbstractConnectionFactory.java:603)
	at org.springframework.amqp.rabbit.connection.CachingConnectionFactory.createConnection(CachingConnectionFactory.java:725)
	at org.springframework.amqp.rabbit.connection.CachingConnectionFactory.createBareChannel(CachingConnectionFactory.java:676)
	at org.springframework.amqp.rabbit.connection.CachingConnectionFactory.getCachedChannelProxy(CachingConnectionFactory.java:650)
	at org.springframework.amqp.rabbit.connection.CachingConnectionFactory.getChannel(CachingConnectionFactory.java:540)
	at org.springframework.amqp.rabbit.connection.CachingConnectionFactory.access$1600(CachingConnectionFactory.java:100)
	at org.springframework.amqp.rabbit.connection.CachingConnectionFactory$ChannelCachingConnectionProxy.createChannel(CachingConnectionFactory.java:1418)
	at org.springframework.amqp.rabbit.core.RabbitTemplate.doExecute(RabbitTemplate.java:2216)
	at org.springframework.amqp.rabbit.core.RabbitTemplate.execute(RabbitTemplate.java:2183)
	at org.springframework.amqp.rabbit.core.RabbitTemplate.execute(RabbitTemplate.java:2163)
	at org.springframework.amqp.rabbit.core.RabbitAdmin.getQueueInfo(RabbitAdmin.java:463)
	at org.springframework.amqp.rabbit.core.RabbitAdmin.getQueueProperties(RabbitAdmin.java:447)
	at org.springframework.amqp.rabbit.listener.AbstractMessageListenerContainer.attemptDeclarations(AbstractMessageListenerContainer.java:1942)
	at org.springframework.amqp.rabbit.listener.AbstractMessageListenerContainer.redeclareElementsIfNecessary(AbstractMessageListenerContainer.java:1915)
	at org.springframework.amqp.rabbit.listener.SimpleMessageListenerContainer$AsyncMessageProcessingConsumer.initialize(SimpleMessageListenerContainer.java:1384)
	at org.springframework.amqp.rabbit.listener.SimpleMessageListenerContainer$AsyncMessageProcessingConsumer.run(SimpleMessageListenerContainer.java:1230)
	at java.lang.Thread.run(Thread.java:750)
Caused by: java.util.concurrent.TimeoutException: null
	at com.rabbitmq.utility.BlockingCell.get(BlockingCell.java:77)
	at com.rabbitmq.utility.BlockingCell.uninterruptibleGet(BlockingCell.java:120)
	at com.rabbitmq.utility.BlockingValueOrException.uninterruptibleGetValue(BlockingValueOrException.java:36)
	at com.rabbitmq.client.impl.AMQChannel$BlockingRpcContinuation.getReply(AMQChannel.java:502)
	at com.rabbitmq.client.impl.AMQConnection.start(AMQConnection.java:326)
	at com.rabbitmq.client.ConnectionFactory.newConnection(ConnectionFactory.java:1225)
	at com.rabbitmq.client.ConnectionFactory.newConnection(ConnectionFactory.java:1173)
	at org.springframework.amqp.rabbit.connection.AbstractConnectionFactory.connectAddresses(AbstractConnectionFactory.java:641)
	at org.springframework.amqp.rabbit.connection.AbstractConnectionFactory.connect(AbstractConnectionFactory.java:616)
	at org.springframework.amqp.rabbit.connection.AbstractConnectionFactory.createBareConnection(AbstractConnectionFactory.java:566)
	... 16 common frames omitted
25-11-22.17:04:09.273 [org.springframework.amqp.rabbit.RabbitListenerEndpointContainer#0-2] INFO  CachingConnectionFactory - Attempting to connect to: [127.0.0.1:5672]
25-11-22.17:04:10.405 [scheduling-1    ] INFO  UpdateAwardStockJob    - 定时任务，更新奖品消耗库存【延迟队列获取，降低对数据库的更新频次，不要产生竞争】
25-11-22.17:04:10.931 [scheduling-1    ] INFO  UpdateActivitySkuStock - 定时任务，更新活动sku库存【延迟队列获取，降低对数据库的更新频次，不要产生竞争】
25-11-22.17:04:10.935 [org.springframework.amqp.rabbit.RabbitListenerEndpointContainer#0-2] INFO  CachingConnectionFactory - Created new connection: rabbitConnectionFactory#5e0f2c82:2/SimpleConnection@6d9ed753 [delegate=amqp://admin@127.0.0.1:5672/, localPort= 63528]
25-11-22.17:04:20.885 [scheduling-1    ] INFO  UpdateAwardStockJob    - 定时任务，更新奖品消耗库存【延迟队列获取，降低对数据库的更新频次，不要产生竞争】
25-11-22.17:04:21.280 [scheduling-1    ] INFO  UpdateActivitySkuStock - 定时任务，更新活动sku库存【延迟队列获取，降低对数据库的更新频次，不要产生竞争】
25-11-22.17:04:25.765 [scheduling-1    ] INFO  UpdateActivitySkuStock - 定时任务，更新活动sku库存【延迟队列获取，降低对数据库的更新频次，不要产生竞争】
25-11-22.17:04:43.258 [scheduling-1    ] ERROR UpdateActivitySkuStock - 定时任务，更新活动sku库存失败
org.springframework.dao.QueryTimeoutException: Redis server response timeout (3000 ms) occured after 1 retry attempts, is non-idempotent command: true Check connection with Redis node: 127.0.0.1/127.0.0.1:6379 for TCP packet drops or bandwidth limits.  Try to increase nettyThreads and/or timeout settings. Command: (LPOP), params: [activity_sku_count_queue_key], channel: [id: 0x7c354dcf, L:/127.0.0.1:56405 - R:127.0.0.1/127.0.0.1:6379]; nested exception is org.redisson.client.RedisResponseTimeoutException: Redis server response timeout (3000 ms) occured after 1 retry attempts, is non-idempotent command: true Check connection with Redis node: 127.0.0.1/127.0.0.1:6379 for TCP packet drops or bandwidth limits.  Try to increase nettyThreads and/or timeout settings. Command: (LPOP), params: [activity_sku_count_queue_key], channel: [id: 0x7c354dcf, L:/127.0.0.1:56405 - R:127.0.0.1/127.0.0.1:6379]
	at org.redisson.spring.data.connection.RedissonExceptionConverter.convert(RedissonExceptionConverter.java:48)
	at org.redisson.spring.data.connection.RedissonExceptionConverter.convert(RedissonExceptionConverter.java:35)
	at org.springframework.data.redis.PassThroughExceptionTranslationStrategy.translate(PassThroughExceptionTranslationStrategy.java:44)
	at org.redisson.spring.data.connection.RedissonConnectionFactory.translateExceptionIfPossible(RedissonConnectionFactory.java:91)
	at org.springframework.dao.support.ChainedPersistenceExceptionTranslator.translateExceptionIfPossible(ChainedPersistenceExceptionTranslator.java:61)
	at org.springframework.dao.support.DataAccessUtils.translateIfNecessary(DataAccessUtils.java:242)
	at org.springframework.dao.support.PersistenceExceptionTranslationInterceptor.invoke(PersistenceExceptionTranslationInterceptor.java:152)
	at org.springframework.aop.framework.ReflectiveMethodInvocation.proceed(ReflectiveMethodInvocation.java:186)
	at org.springframework.aop.framework.CglibAopProxy$CglibMethodInvocation.proceed(CglibAopProxy.java:763)
	at org.springframework.aop.framework.CglibAopProxy$DynamicAdvisedInterceptor.intercept(CglibAopProxy.java:708)
	at cn.bugstack.infrastructure.adapter.repository.ActivityRepository$$EnhancerBySpringCGLIB$$19c2e01c.takeQueueValue(<generated>)
	at cn.bugstack.domain.activity.service.quota.RaffleActivityAccountQuotaService.takeQueueValue(RaffleActivityAccountQuotaService.java:57)
	at cn.bugstack.trigger.job.UpdateActivitySkuStock.exec(UpdateActivitySkuStock.java:22)
	at sun.reflect.GeneratedMethodAccessor12.invoke(Unknown Source)
	at sun.reflect.DelegatingMethodAccessorImpl.invoke(DelegatingMethodAccessorImpl.java:43)
	at java.lang.reflect.Method.invoke(Method.java:498)
	at org.springframework.scheduling.support.ScheduledMethodRunnable.run(ScheduledMethodRunnable.java:84)
	at org.springframework.scheduling.support.DelegatingErrorHandlingRunnable.run(DelegatingErrorHandlingRunnable.java:54)
	at org.springframework.scheduling.concurrent.ReschedulingRunnable.run(ReschedulingRunnable.java:95)
	at java.util.concurrent.Executors$RunnableAdapter.call(Executors.java:511)
	at java.util.concurrent.FutureTask.run$$$capture(FutureTask.java:266)
	at java.util.concurrent.FutureTask.run(FutureTask.java)
	at java.util.concurrent.ScheduledThreadPoolExecutor$ScheduledFutureTask.access$201(ScheduledThreadPoolExecutor.java:180)
	at java.util.concurrent.ScheduledThreadPoolExecutor$ScheduledFutureTask.run(ScheduledThreadPoolExecutor.java:293)
	at java.util.concurrent.ThreadPoolExecutor.runWorker(ThreadPoolExecutor.java:1149)
	at java.util.concurrent.ThreadPoolExecutor$Worker.run(ThreadPoolExecutor.java:624)
	at java.lang.Thread.run(Thread.java:750)
Caused by: org.redisson.client.RedisResponseTimeoutException: Redis server response timeout (3000 ms) occured after 1 retry attempts, is non-idempotent command: true Check connection with Redis node: 127.0.0.1/127.0.0.1:6379 for TCP packet drops or bandwidth limits.  Try to increase nettyThreads and/or timeout settings. Command: (LPOP), params: [activity_sku_count_queue_key], channel: [id: 0x7c354dcf, L:/127.0.0.1:56405 - R:127.0.0.1/127.0.0.1:6379]
	at org.redisson.command.RedisExecutor.lambda$scheduleResponseTimeout$9(RedisExecutor.java:407)
	at io.netty.util.HashedWheelTimer$HashedWheelTimeout.run(HashedWheelTimer.java:715)
	at io.netty.util.concurrent.ImmediateExecutor.execute(ImmediateExecutor.java:34)
	at io.netty.util.HashedWheelTimer$HashedWheelTimeout.expire(HashedWheelTimer.java:703)
	at io.netty.util.HashedWheelTimer$HashedWheelBucket.expireTimeouts(HashedWheelTimer.java:790)
	at io.netty.util.HashedWheelTimer$Worker.run(HashedWheelTimer.java:503)
	at io.netty.util.concurrent.FastThreadLocalRunnable.run(FastThreadLocalRunnable.java:30)
	... 1 common frames omitted
25-11-22.17:04:43.259 [scheduling-1    ] INFO  UpdateAwardStockJob    - 定时任务，更新奖品消耗库存【延迟队列获取，降低对数据库的更新频次，不要产生竞争】
25-11-22.17:05:04.653 [scheduling-1    ] INFO  UpdateAwardStockJob    - 定时任务，更新奖品消耗库存【延迟队列获取，降低对数据库的更新频次，不要产生竞争】
25-11-22.17:05:05.161 [scheduling-1    ] INFO  UpdateActivitySkuStock - 定时任务，更新活动sku库存【延迟队列获取，降低对数据库的更新频次，不要产生竞争】
25-11-22.17:05:10.839 [scheduling-1    ] INFO  UpdateAwardStockJob    - 定时任务，更新奖品消耗库存【延迟队列获取，降低对数据库的更新频次，不要产生竞争】
25-11-22.17:05:10.856 [scheduling-1    ] INFO  UpdateActivitySkuStock - 定时任务，更新活动sku库存【延迟队列获取，降低对数据库的更新频次，不要产生竞争】
25-11-22.17:05:15.110 [scheduling-1    ] INFO  UpdateActivitySkuStock - 定时任务，更新活动sku库存【延迟队列获取，降低对数据库的更新频次，不要产生竞争】
25-11-22.17:05:50.365 [scheduling-1    ] INFO  UpdateAwardStockJob    - 定时任务，更新奖品消耗库存【延迟队列获取，降低对数据库的更新频次，不要产生竞争】
25-11-22.17:05:54.391 [scheduling-1    ] INFO  UpdateActivitySkuStock - 定时任务，更新活动sku库存【延迟队列获取，降低对数据库的更新频次，不要产生竞争】
25-11-22.17:05:56.922 [scheduling-1    ] INFO  UpdateAwardStockJob    - 定时任务，更新奖品消耗库存【延迟队列获取，降低对数据库的更新频次，不要产生竞争】
25-11-22.17:06:53.557 [scheduling-1    ] INFO  UpdateActivitySkuStock - 定时任务，更新活动sku库存【延迟队列获取，降低对数据库的更新频次，不要产生竞争】
25-11-22.17:06:53.558 [Retail_HikariCP housekeeper] WARN  HikariPool             - Retail_HikariCP - Thread starvation or clock leap detected (housekeeper delta=1m7s287ms306µs).
25-11-22.17:06:53.560 [Retail_HikariCP housekeeper] WARN  HikariPool             - Retail_HikariCP - Thread starvation or clock leap detected (housekeeper delta=1m7s287ms267µs700ns).
25-11-22.17:07:41.956 [Retail_HikariCP housekeeper] WARN  HikariPool             - Retail_HikariCP - Thread starvation or clock leap detected (housekeeper delta=48s398ms776µs300ns).
25-11-22.17:07:41.956 [Retail_HikariCP housekeeper] WARN  HikariPool             - Retail_HikariCP - Thread starvation or clock leap detected (housekeeper delta=48s398ms200µs).
25-11-22.17:07:41.959 [scheduling-1    ] INFO  UpdateAwardStockJob    - 定时任务，更新奖品消耗库存【延迟队列获取，降低对数据库的更新频次，不要产生竞争】
25-11-22.17:07:57.248 [scheduling-1    ] INFO  UpdateActivitySkuStock - 定时任务，更新活动sku库存【延迟队列获取，降低对数据库的更新频次，不要产生竞争】
25-11-22.17:08:10.841 [scheduling-1    ] INFO  UpdateActivitySkuStock - 定时任务，更新活动sku库存【延迟队列获取，降低对数据库的更新频次，不要产生竞争】
25-11-22.17:08:13.227 [scheduling-1    ] INFO  UpdateAwardStockJob    - 定时任务，更新奖品消耗库存【延迟队列获取，降低对数据库的更新频次，不要产生竞争】
25-11-22.17:08:17.546 [scheduling-1    ] INFO  UpdateActivitySkuStock - 定时任务，更新活动sku库存【延迟队列获取，降低对数据库的更新频次，不要产生竞争】
25-11-22.17:08:20.965 [scheduling-1    ] INFO  UpdateActivitySkuStock - 定时任务，更新活动sku库存【延迟队列获取，降低对数据库的更新频次，不要产生竞争】
25-11-22.17:08:21.443 [scheduling-1    ] INFO  UpdateAwardStockJob    - 定时任务，更新奖品消耗库存【延迟队列获取，降低对数据库的更新频次，不要产生竞争】
25-11-22.17:08:25.206 [scheduling-1    ] INFO  UpdateAwardStockJob    - 定时任务，更新奖品消耗库存【延迟队列获取，降低对数据库的更新频次，不要产生竞争】
25-11-22.17:08:27.270 [scheduling-1    ] INFO  UpdateActivitySkuStock - 定时任务，更新活动sku库存【延迟队列获取，降低对数据库的更新频次，不要产生竞争】
25-11-22.17:09:01.189 [Retail_HikariCP housekeeper] WARN  HikariPool             - Retail_HikariCP - Thread starvation or clock leap detected (housekeeper delta=47s963ms519µs800ns).
25-11-22.17:09:01.189 [scheduling-1    ] INFO  UpdateActivitySkuStock - 定时任务，更新活动sku库存【延迟队列获取，降低对数据库的更新频次，不要产生竞争】
25-11-22.17:09:01.189 [Retail_HikariCP housekeeper] WARN  HikariPool             - Retail_HikariCP - Thread starvation or clock leap detected (housekeeper delta=47s963ms33µs200ns).
25-11-22.17:09:02.577 [scheduling-1    ] INFO  UpdateAwardStockJob    - 定时任务，更新奖品消耗库存【延迟队列获取，降低对数据库的更新频次，不要产生竞争】
25-11-22.17:09:06.394 [scheduling-1    ] INFO  UpdateAwardStockJob    - 定时任务，更新奖品消耗库存【延迟队列获取，降低对数据库的更新频次，不要产生竞争】
25-11-22.17:09:06.400 [scheduling-1    ] INFO  UpdateActivitySkuStock - 定时任务，更新活动sku库存【延迟队列获取，降低对数据库的更新频次，不要产生竞争】
25-11-22.17:09:13.278 [scheduling-1    ] INFO  UpdateAwardStockJob    - 定时任务，更新奖品消耗库存【延迟队列获取，降低对数据库的更新频次，不要产生竞争】
25-11-22.17:10:18.839 [Retail_HikariCP housekeeper] WARN  HikariPool             - Retail_HikariCP - Thread starvation or clock leap detected (housekeeper delta=1m17s650ms328µs).
25-11-22.17:10:18.839 [Retail_HikariCP housekeeper] WARN  HikariPool             - Retail_HikariCP - Thread starvation or clock leap detected (housekeeper delta=1m17s649ms949µs600ns).
25-11-22.17:10:19.553 [scheduling-1    ] INFO  UpdateActivitySkuStock - 定时任务，更新活动sku库存【延迟队列获取，降低对数据库的更新频次，不要产生竞争】
25-11-22.17:10:20.558 [scheduling-1    ] INFO  UpdateAwardStockJob    - 定时任务，更新奖品消耗库存【延迟队列获取，降低对数据库的更新频次，不要产生竞争】
25-11-22.17:10:25.516 [scheduling-1    ] INFO  UpdateActivitySkuStock - 定时任务，更新活动sku库存【延迟队列获取，降低对数据库的更新频次，不要产生竞争】
25-11-22.17:10:51.204 [scheduling-1    ] INFO  UpdateAwardStockJob    - 定时任务，更新奖品消耗库存【延迟队列获取，降低对数据库的更新频次，不要产生竞争】
25-11-22.17:10:55.096 [scheduling-1    ] INFO  UpdateAwardStockJob    - 定时任务，更新奖品消耗库存【延迟队列获取，降低对数据库的更新频次，不要产生竞争】
25-11-22.17:10:55.103 [scheduling-1    ] INFO  UpdateActivitySkuStock - 定时任务，更新活动sku库存【延迟队列获取，降低对数据库的更新频次，不要产生竞争】
25-11-22.17:11:23.774 [scheduling-1    ] INFO  UpdateAwardStockJob    - 定时任务，更新奖品消耗库存【延迟队列获取，降低对数据库的更新频次，不要产生竞争】
25-11-22.17:11:29.454 [scheduling-1    ] INFO  UpdateAwardStockJob    - 定时任务，更新奖品消耗库存【延迟队列获取，降低对数据库的更新频次，不要产生竞争】
25-11-22.17:11:30.323 [scheduling-1    ] INFO  UpdateActivitySkuStock - 定时任务，更新活动sku库存【延迟队列获取，降低对数据库的更新频次，不要产生竞争】
25-11-22.17:11:48.257 [scheduling-1    ] INFO  UpdateActivitySkuStock - 定时任务，更新活动sku库存【延迟队列获取，降低对数据库的更新频次，不要产生竞争】
25-11-22.17:11:49.081 [scheduling-1    ] INFO  UpdateAwardStockJob    - 定时任务，更新奖品消耗库存【延迟队列获取，降低对数据库的更新频次，不要产生竞争】
25-11-22.17:11:50.153 [scheduling-1    ] INFO  UpdateAwardStockJob    - 定时任务，更新奖品消耗库存【延迟队列获取，降低对数据库的更新频次，不要产生竞争】
25-11-22.17:11:50.750 [scheduling-1    ] INFO  UpdateActivitySkuStock - 定时任务，更新活动sku库存【延迟队列获取，降低对数据库的更新频次，不要产生竞争】
25-11-22.17:11:55.877 [scheduling-1    ] INFO  UpdateAwardStockJob    - 定时任务，更新奖品消耗库存【延迟队列获取，降低对数据库的更新频次，不要产生竞争】
25-11-22.17:11:55.884 [scheduling-1    ] INFO  UpdateActivitySkuStock - 定时任务，更新活动sku库存【延迟队列获取，降低对数据库的更新频次，不要产生竞争】
25-11-22.17:12:01.800 [scheduling-1    ] INFO  UpdateAwardStockJob    - 定时任务，更新奖品消耗库存【延迟队列获取，降低对数据库的更新频次，不要产生竞争】
25-11-22.17:12:24.770 [scheduling-1    ] INFO  UpdateAwardStockJob    - 定时任务，更新奖品消耗库存【延迟队列获取，降低对数据库的更新频次，不要产生竞争】
25-11-22.17:12:33.647 [scheduling-1    ] INFO  UpdateActivitySkuStock - 定时任务，更新活动sku库存【延迟队列获取，降低对数据库的更新频次，不要产生竞争】
25-11-22.17:12:35.034 [scheduling-1    ] INFO  UpdateAwardStockJob    - 定时任务，更新奖品消耗库存【延迟队列获取，降低对数据库的更新频次，不要产生竞争】
25-11-22.17:12:40.319 [scheduling-1    ] INFO  UpdateAwardStockJob    - 定时任务，更新奖品消耗库存【延迟队列获取，降低对数据库的更新频次，不要产生竞争】
25-11-22.17:12:41.795 [scheduling-1    ] INFO  UpdateActivitySkuStock - 定时任务，更新活动sku库存【延迟队列获取，降低对数据库的更新频次，不要产生竞争】
25-11-22.17:12:45.098 [scheduling-1    ] INFO  UpdateActivitySkuStock - 定时任务，更新活动sku库存【延迟队列获取，降低对数据库的更新频次，不要产生竞争】
25-11-22.17:12:45.638 [scheduling-1    ] INFO  UpdateAwardStockJob    - 定时任务，更新奖品消耗库存【延迟队列获取，降低对数据库的更新频次，不要产生竞争】
25-11-22.17:12:55.254 [scheduling-1    ] INFO  UpdateActivitySkuStock - 定时任务，更新活动sku库存【延迟队列获取，降低对数据库的更新频次，不要产生竞争】
25-11-22.17:13:08.577 [scheduling-1    ] INFO  UpdateAwardStockJob    - 定时任务，更新奖品消耗库存【延迟队列获取，降低对数据库的更新频次，不要产生竞争】
25-11-22.17:13:10.003 [scheduling-1    ] INFO  UpdateActivitySkuStock - 定时任务，更新活动sku库存【延迟队列获取，降低对数据库的更新频次，不要产生竞争】
25-11-22.17:13:10.008 [scheduling-1    ] INFO  UpdateAwardStockJob    - 定时任务，更新奖品消耗库存【延迟队列获取，降低对数据库的更新频次，不要产生竞争】
25-11-22.17:13:13.454 [main            ] INFO  RaffleActivityPartakeServiceTest - 请求参数：{"activityId":100301,"userId":"xiaofuge"}
25-11-22.17:13:14.808 [main            ] INFO  RaffleActivityPartakeServiceTest - 测试结果：{"activityId":100301,"activityName":"测试活动","orderId":"857184775141","orderState":"create","orderTime":1763801778906,"strategyId":100006,"userId":"xiaofuge"}
25-11-22.17:13:17.636 [scheduling-1    ] INFO  UpdateAwardStockJob    - 定时任务，更新奖品消耗库存【延迟队列获取，降低对数据库的更新频次，不要产生竞争】
25-11-22.17:13:19.164 [scheduling-1    ] INFO  UpdateActivitySkuStock - 定时任务，更新活动sku库存【延迟队列获取，降低对数据库的更新频次，不要产生竞争】
25-11-22.17:13:19.235 [org.springframework.amqp.rabbit.RabbitListenerEndpointContainer#0-3] INFO  SimpleMessageListenerContainer - Waiting for workers to finish.
25-11-22.17:13:20.014 [scheduling-1    ] INFO  UpdateActivitySkuStock - 定时任务，更新活动sku库存【延迟队列获取，降低对数据库的更新频次，不要产生竞争】
25-11-22.17:13:20.016 [scheduling-1    ] INFO  UpdateAwardStockJob    - 定时任务，更新奖品消耗库存【延迟队列获取，降低对数据库的更新频次，不要产生竞争】
25-11-22.17:13:20.187 [org.springframework.amqp.rabbit.RabbitListenerEndpointContainer#0-3] INFO  SimpleMessageListenerContainer - Successfully waited for workers to finish.
25-11-22.17:13:20.206 [SpringApplicationShutdownHook] INFO  SimpleMessageListenerContainer - Shutdown ignored - container is already stopped
