25-12-05.22:16:04.538 [main            ] INFO  RaffleActivityControllerTest - Starting RaffleActivityControllerTest using Java 1.8.0_462 on DESKTOP-J30R5PM with PID 19812 (started by XduAI in C:\Users\XduAI\Desktop\mystudy\xfg-infra\big-market\big-market-app)
25-12-05.22:16:04.539 [main            ] INFO  RaffleActivityControllerTest - The following 1 profile is active: "dev"
25-12-05.22:16:10.862 [main            ] INFO  RepositoryConfigurationDelegate - Multiple Spring Data modules found, entering strict repository configuration mode
25-12-05.22:16:10.866 [main            ] INFO  RepositoryConfigurationDelegate - Bootstrapping Spring Data Redis repositories in DEFAULT mode.
25-12-05.22:16:10.957 [main            ] INFO  RepositoryConfigurationDelegate - Finished Spring Data repository scanning in 60 ms. Found 0 Redis repository interfaces.
25-12-05.22:16:13.144 [main            ] INFO  Version                - Redisson 3.23.4
25-12-05.22:16:14.152 [redisson-netty-2-4] INFO  MasterPubSubConnectionPool - 1 connections initialized for 127.0.0.1/127.0.0.1:6379
25-12-05.22:16:14.177 [redisson-netty-2-13] INFO  MasterConnectionPool   - 5 connections initialized for 127.0.0.1/127.0.0.1:6379
25-12-05.22:16:19.084 [main            ] INFO  EndpointLinksResolver  - Exposing 1 endpoint(s) beneath base path '/actuator'
25-12-05.22:16:19.246 [main            ] INFO  CachingConnectionFactory - Attempting to connect to: [127.0.0.1:5672]
25-12-05.22:16:19.389 [main            ] INFO  CachingConnectionFactory - Created new connection: rabbitConnectionFactory#4228f269:0/SimpleConnection@603c2dee [delegate=amqp://admin@127.0.0.1:5672/, localPort= 60930]
25-12-05.22:16:19.536 [main            ] INFO  RaffleActivityControllerTest - Started RaffleActivityControllerTest in 15.642 seconds (JVM running for 18.826)
25-12-05.22:16:19.879 [main            ] INFO  RaffleActivityController - 查询sku商品集合开始 activityId:100301 
25-12-05.22:16:19.927 [main            ] INFO  HikariDataSource       - Retail_HikariCP - Starting...
25-12-05.22:16:20.019 [pool-3-thread-1 ] INFO  HikariDataSource       - Retail_HikariCP - Starting...
25-12-05.22:16:20.019 [pool-3-thread-2 ] INFO  HikariDataSource       - Retail_HikariCP - Starting...
25-12-05.22:16:20.107 [scheduling-1    ] INFO  UpdateActivitySkuStock - 定时任务，更新活动sku库存 sku:9011 activityId:100301
25-12-05.22:16:20.999 [pool-3-thread-2 ] INFO  HikariDataSource       - Retail_HikariCP - Start completed.
25-12-05.22:16:20.999 [pool-3-thread-1 ] INFO  HikariDataSource       - Retail_HikariCP - Start completed.
25-12-05.22:16:21.002 [main            ] INFO  HikariDataSource       - Retail_HikariCP - Start completed.
25-12-05.22:16:21.676 [main            ] INFO  RaffleActivityController - 查询sku商品集合完成 activityId:100301 skuProductResponseDTOS:[{"activityCount":{"dayCount":100,"monthCount":100,"totalCount":100},"activityCountId":11101,"productAmount":1.68,"sku":9011,"stockCount":100000,"stockCountSurplus":99886}]
25-12-05.22:16:21.680 [main            ] INFO  RaffleActivityControllerTest - 请求参数：100301
25-12-05.22:16:21.685 [main            ] INFO  RaffleActivityControllerTest - 测试结果：{"code":"0000","data":[{"activityCount":{"dayCount":100,"monthCount":100,"totalCount":100},"activityCountId":11101,"productAmount":1.68,"sku":9011,"stockCount":100000,"stockCountSurplus":99886}],"info":"成功"}
25-12-05.22:16:21.707 [org.springframework.amqp.rabbit.RabbitListenerEndpointContainer#0-2] INFO  SimpleMessageListenerContainer - Waiting for workers to finish.
25-12-05.22:16:21.709 [org.springframework.amqp.rabbit.RabbitListenerEndpointContainer#1-2] INFO  SimpleMessageListenerContainer - Waiting for workers to finish.
25-12-05.22:16:21.710 [org.springframework.amqp.rabbit.RabbitListenerEndpointContainer#2-2] INFO  SimpleMessageListenerContainer - Waiting for workers to finish.
25-12-05.22:16:21.713 [org.springframework.amqp.rabbit.RabbitListenerEndpointContainer#3-2] INFO  SimpleMessageListenerContainer - Waiting for workers to finish.
25-12-05.22:16:22.520 [org.springframework.amqp.rabbit.RabbitListenerEndpointContainer#0-2] INFO  SimpleMessageListenerContainer - Successfully waited for workers to finish.
25-12-05.22:16:22.533 [org.springframework.amqp.rabbit.RabbitListenerEndpointContainer#1-2] INFO  SimpleMessageListenerContainer - Successfully waited for workers to finish.
25-12-05.22:16:22.533 [org.springframework.amqp.rabbit.RabbitListenerEndpointContainer#2-2] INFO  SimpleMessageListenerContainer - Successfully waited for workers to finish.
25-12-05.22:16:22.533 [org.springframework.amqp.rabbit.RabbitListenerEndpointContainer#3-2] INFO  SimpleMessageListenerContainer - Successfully waited for workers to finish.
25-12-05.22:16:22.537 [SpringApplicationShutdownHook] INFO  SimpleMessageListenerContainer - Shutdown ignored - container is already stopped
25-12-05.22:16:22.537 [SpringApplicationShutdownHook] INFO  SimpleMessageListenerContainer - Shutdown ignored - container is already stopped
25-12-05.22:16:22.537 [SpringApplicationShutdownHook] INFO  SimpleMessageListenerContainer - Shutdown ignored - container is already stopped
25-12-05.22:16:22.537 [SpringApplicationShutdownHook] INFO  SimpleMessageListenerContainer - Shutdown ignored - container is already stopped
25-12-05.22:16:36.575 [main            ] INFO  RaffleActivityControllerTest - Starting RaffleActivityControllerTest using Java 1.8.0_462 on DESKTOP-J30R5PM with PID 11380 (started by XduAI in C:\Users\XduAI\Desktop\mystudy\xfg-infra\big-market\big-market-app)
25-12-05.22:16:36.575 [main            ] INFO  RaffleActivityControllerTest - The following 1 profile is active: "dev"
25-12-05.22:16:38.291 [main            ] INFO  RepositoryConfigurationDelegate - Multiple Spring Data modules found, entering strict repository configuration mode
25-12-05.22:16:38.295 [main            ] INFO  RepositoryConfigurationDelegate - Bootstrapping Spring Data Redis repositories in DEFAULT mode.
25-12-05.22:16:38.381 [main            ] INFO  RepositoryConfigurationDelegate - Finished Spring Data repository scanning in 65 ms. Found 0 Redis repository interfaces.
25-12-05.22:16:40.326 [main            ] INFO  Version                - Redisson 3.23.4
25-12-05.22:16:41.500 [redisson-netty-2-5] INFO  MasterPubSubConnectionPool - 1 connections initialized for 127.0.0.1/127.0.0.1:6379
25-12-05.22:16:41.531 [redisson-netty-2-13] INFO  MasterConnectionPool   - 5 connections initialized for 127.0.0.1/127.0.0.1:6379
25-12-05.22:16:45.568 [main            ] INFO  EndpointLinksResolver  - Exposing 1 endpoint(s) beneath base path '/actuator'
25-12-05.22:16:45.672 [main            ] INFO  CachingConnectionFactory - Attempting to connect to: [127.0.0.1:5672]
25-12-05.22:16:45.753 [main            ] INFO  CachingConnectionFactory - Created new connection: rabbitConnectionFactory#17b6ad97:0/SimpleConnection@4d0b7fd5 [delegate=amqp://admin@127.0.0.1:5672/, localPort= 63158]
25-12-05.22:16:45.897 [main            ] INFO  RaffleActivityControllerTest - Started RaffleActivityControllerTest in 9.953 seconds (JVM running for 11.121)
25-12-05.22:16:46.138 [main            ] INFO  RaffleActivityController - 查询用户积分值开始 userId:xiaofuge
25-12-05.22:16:46.183 [main            ] INFO  HikariDataSource       - Retail_HikariCP - Starting...
25-12-05.22:16:46.581 [main            ] INFO  HikariDataSource       - Retail_HikariCP - Start completed.
25-12-05.22:16:46.661 [main            ] INFO  RaffleActivityController - 查询用户积分值完成 userId:xiaofuge adjustAmount:85.85
25-12-05.22:16:46.892 [main            ] INFO  RaffleActivityControllerTest - 请求参数："xiaofuge"
25-12-05.22:16:46.912 [main            ] INFO  RaffleActivityControllerTest - 测试结果：{"code":"0000","data":85.85,"info":"成功"}
25-12-05.22:16:46.935 [org.springframework.amqp.rabbit.RabbitListenerEndpointContainer#0-2] INFO  SimpleMessageListenerContainer - Waiting for workers to finish.
25-12-05.22:16:46.937 [org.springframework.amqp.rabbit.RabbitListenerEndpointContainer#1-2] INFO  SimpleMessageListenerContainer - Waiting for workers to finish.
25-12-05.22:16:46.952 [org.springframework.amqp.rabbit.RabbitListenerEndpointContainer#2-2] INFO  SimpleMessageListenerContainer - Waiting for workers to finish.
25-12-05.22:16:46.954 [org.springframework.amqp.rabbit.RabbitListenerEndpointContainer#3-2] INFO  SimpleMessageListenerContainer - Waiting for workers to finish.
25-12-05.22:16:47.858 [org.springframework.amqp.rabbit.RabbitListenerEndpointContainer#0-2] INFO  SimpleMessageListenerContainer - Successfully waited for workers to finish.
25-12-05.22:16:47.869 [org.springframework.amqp.rabbit.RabbitListenerEndpointContainer#1-2] INFO  SimpleMessageListenerContainer - Successfully waited for workers to finish.
25-12-05.22:16:47.870 [org.springframework.amqp.rabbit.RabbitListenerEndpointContainer#2-2] INFO  SimpleMessageListenerContainer - Successfully waited for workers to finish.
25-12-05.22:16:47.886 [org.springframework.amqp.rabbit.RabbitListenerEndpointContainer#3-2] INFO  SimpleMessageListenerContainer - Successfully waited for workers to finish.
25-12-05.22:16:47.889 [SpringApplicationShutdownHook] INFO  SimpleMessageListenerContainer - Shutdown ignored - container is already stopped
25-12-05.22:16:47.889 [SpringApplicationShutdownHook] INFO  SimpleMessageListenerContainer - Shutdown ignored - container is already stopped
25-12-05.22:16:47.889 [SpringApplicationShutdownHook] INFO  SimpleMessageListenerContainer - Shutdown ignored - container is already stopped
25-12-05.22:16:47.889 [SpringApplicationShutdownHook] INFO  SimpleMessageListenerContainer - Shutdown ignored - container is already stopped
25-12-05.22:16:53.293 [main            ] INFO  RaffleActivityControllerTest - Starting RaffleActivityControllerTest using Java 1.8.0_462 on DESKTOP-J30R5PM with PID 35160 (started by XduAI in C:\Users\XduAI\Desktop\mystudy\xfg-infra\big-market\big-market-app)
25-12-05.22:16:53.294 [main            ] INFO  RaffleActivityControllerTest - The following 1 profile is active: "dev"
25-12-05.22:16:54.854 [main            ] INFO  RepositoryConfigurationDelegate - Multiple Spring Data modules found, entering strict repository configuration mode
25-12-05.22:16:54.858 [main            ] INFO  RepositoryConfigurationDelegate - Bootstrapping Spring Data Redis repositories in DEFAULT mode.
25-12-05.22:16:54.962 [main            ] INFO  RepositoryConfigurationDelegate - Finished Spring Data repository scanning in 76 ms. Found 0 Redis repository interfaces.
25-12-05.22:16:57.022 [main            ] INFO  Version                - Redisson 3.23.4
25-12-05.22:16:57.881 [redisson-netty-2-4] INFO  MasterPubSubConnectionPool - 1 connections initialized for 127.0.0.1/127.0.0.1:6379
25-12-05.22:16:57.897 [redisson-netty-2-13] INFO  MasterConnectionPool   - 5 connections initialized for 127.0.0.1/127.0.0.1:6379
25-12-05.22:17:01.770 [main            ] INFO  EndpointLinksResolver  - Exposing 1 endpoint(s) beneath base path '/actuator'
25-12-05.22:17:01.885 [main            ] INFO  CachingConnectionFactory - Attempting to connect to: [127.0.0.1:5672]
25-12-05.22:17:01.995 [main            ] INFO  CachingConnectionFactory - Created new connection: rabbitConnectionFactory#17b6ad97:0/SimpleConnection@73958426 [delegate=amqp://admin@127.0.0.1:5672/, localPort= 63257]
25-12-05.22:17:02.119 [main            ] INFO  RaffleActivityControllerTest - Started RaffleActivityControllerTest in 9.418 seconds (JVM running for 10.569)
25-12-05.22:17:02.421 [main            ] INFO  RaffleActivityController - 积分兑换商品开始 userId:xiaofuge sku:9011
25-12-05.22:17:02.523 [main            ] INFO  HikariDataSource       - Retail_HikariCP - Starting...
25-12-05.22:17:02.840 [main            ] INFO  HikariDataSource       - Retail_HikariCP - Start completed.
25-12-05.22:17:02.923 [main            ] INFO  CreditAdjustService    - 增加账户积分额度开始 userId:xiaofuge tradeName:CONVERT_SKU amount:1.68
25-12-05.22:17:04.755 [main            ] INFO  EventPublisher         - 发送MQ信息 topic:credit_adjust_success message: {"data":{"amount":1.68,"orderId":"202158163249","outBusinessNo":"70009240609011","userId":"xiaofuge"},"id":"90691689957","timestamp":1764944222926}
25-12-05.22:17:04.976 [org.springframework.amqp.rabbit.RabbitListenerEndpointContainer#1-1] INFO  CreditAdjustSuccessCustomer - 监听积分账户调整成功消息，进行交易商品发货 topic: credit_adjust_success message: {"data":{"amount":1.68,"orderId":"202158163249","outBusinessNo":"70009240609011","userId":"xiaofuge"},"id":"90691689957","timestamp":1764944222926}
25-12-05.22:17:05.036 [pool-3-thread-2 ] INFO  HikariDataSource       - Retail_HikariCP - Starting...
25-12-05.22:17:05.078 [pool-3-thread-2 ] INFO  HikariDataSource       - Retail_HikariCP - Start completed.
25-12-05.22:17:05.115 [scheduling-1    ] INFO  UpdateActivitySkuStock - 定时任务，更新活动sku库存 sku:9011 activityId:100301
25-12-05.22:17:05.116 [scheduling-1    ] INFO  HikariDataSource       - Retail_HikariCP - Starting...
25-12-05.22:17:05.146 [scheduling-1    ] INFO  HikariDataSource       - Retail_HikariCP - Start completed.
25-12-05.22:17:05.893 [main            ] INFO  CreditRepository       - 调整账户积分记录，发送MQ消息成功 userId:xiaofuge topic:credit_adjust_success
25-12-05.22:17:05.893 [main            ] INFO  RaffleActivityController - 积分兑换商品，支付订单完成 userId:xiaofuge sku:9011 orderId:202158163249 
25-12-05.22:17:05.899 [main            ] INFO  RaffleActivityControllerTest - 请求参数：{"sku":9011,"userId":"xiaofuge"}
25-12-05.22:17:05.905 [main            ] INFO  RaffleActivityControllerTest - 测试结果：{"code":"0000","data":true,"info":"成功"}
